[23:36:19] [info] HAZEL: Creating window Hazelnut (1600, 900)
[23:36:20] [info] HAZEL: OpenGL Info:
[23:36:20] [info] HAZEL:   Vendor: NVIDIA Corporation
[23:36:20] [info] HAZEL:   Renderer: NVIDIA GeForce MX450/PCIe/SSE2
[23:36:20] [info] HAZEL:   Version: 4.6.0 NVIDIA 512.36
[23:36:20] [trace] HAZEL: OpenGLShader::Reflect - GL_VERTEX_SHADER assets/shaders/Texture.glsl
[23:36:20] [trace] HAZEL:     1 uniform buffers
[23:36:20] [trace] HAZEL:     0 resources
[23:36:20] [trace] HAZEL: Uniform buffers:
[23:36:20] [trace] HAZEL:   _47_49
[23:36:20] [trace] HAZEL:     Size = 64
[23:36:20] [trace] HAZEL:     Binding = 0
[23:36:20] [trace] HAZEL:     Members = 1
[23:36:20] [trace] HAZEL: OpenGLShader::Reflect - GL_FRAGMENT_SHADER assets/shaders/Texture.glsl
[23:36:20] [trace] HAZEL:     0 uniform buffers
[23:36:20] [trace] HAZEL:     1 resources
[23:36:20] [trace] HAZEL: Uniform buffers:
[23:36:20] [warning] HAZEL: Shader creation took 16.651302 ms
[23:36:23] [trace] HAZEL: Deserializing scene 'Untitled'
[23:36:23] [trace] HAZEL: Deserialized entity with ID = 12837192831273, name = Top
[23:36:23] [trace] HAZEL: Deserialized entity with ID = 12837192831273, name = Camera
[23:36:23] [trace] HAZEL: Deserialized entity with ID = 12837192831273, name = Right
[23:36:23] [trace] HAZEL: Deserialized entity with ID = 12837192831273, name = Left
